MPASM 5.76              PRINCIPALPROGRAM.ASM   3-11-2021  17:26:46         PAGE  1


LOC  OBJECT CODE     LINE SOURCE TEXT
  VALUE

                      00001 ; PIC16F877A Configuration Bit Settings
                      00002 
                      00003 ; Assembly source line config statements
                      00004 
                      00005 #include "p16f877a.inc"
                      00001         LIST
                      00002 
                      00003 ;==========================================================================
                      00004 ; Build date : Sep 19 2017
                      00005 ;  MPASM PIC16F877A processor include
                      00006 ; 
                      00007 ;  (c) Copyright 1999-2017 Microchip Technology, All rights reserved
                      00008 ;==========================================================================
                      00009 
                      00567         LIST
                      00006 
                      00007 ; CONFIG
                      00008 
                      00009 ; __config 0xFF32
2007   3F32           00010  __CONFIG _FOSC_HS & _WDTE_OFF & _PWRTE_ON & _BOREN_OFF & _LVP_OFF & _CPD_OFF & _WRT_OFF & _CP_OFF
                      00011 
                      00012         ORG         0
0000   2???           00013         GOTO    INICIO
0001                  00014 INICIO
0001   1683           00015         BSF     STATUS,RP0
Message[302]: Register in operand not in bank 0.  Ensure that bank bits are correct.
0002   0188           00016         CLRF    TRISD ;SALIDA
Message[302]: Register in operand not in bank 0.  Ensure that bank bits are correct.
0003   1405           00017         BSF     TRISA,0; RA0 ENTRADA ; se asigna RA0 como entrada
Message[302]: Register in operand not in bank 0.  Ensure that bank bits are correct.
0004   0187           00018         CLRF    TRISC; SALIDA ; salida para todo el puerto C
Message[302]: Register in operand not in bank 0.  Ensure that bank bits are correct.
0005   159F           00019         BSF     ADCON1,3 ;1
Message[302]: Register in operand not in bank 0.  Ensure that bank bits are correct.
0006   151F           00020         BSF     ADCON1,2 ;1
Message[302]: Register in operand not in bank 0.  Ensure that bank bits are correct.
0007   149F           00021         BSF     ADCON1,1 ;1
Message[302]: Register in operand not in bank 0.  Ensure that bank bits are correct.
0008   101F           00022         BCF     ADCON1,0 ;0 1110-> RAO AN0 = ANALOGO
Message[302]: Register in operand not in bank 0.  Ensure that bank bits are correct.
0009   171F           00023         BSF     ADCON1,6 ;FRECUENCIA OSCILADOR
Message[302]: Register in operand not in bank 0.  Ensure that bank bits are correct.
000A   139F           00024         BCF     ADCON1,7 ;JUSTIFICACION IZQ
000B   1283           00025         BCF     STATUS,RP0
000C   179F           00026         BSF     ADCON0,7
000D   131F           00027         BCF     ADCON0,6 ; clock/64 
000E   129F           00028         BCF     ADCON0,5 ;0
000F   121F           00029         BCF     ADCON0,4 ;0
0010   119F           00030         BCF     ADCON0,3 ;CANAL AN0 = 000
0011   141F           00031         BSF     ADCON0,0 ;ADC ON
0012                  00032 START
0012   151F           00033         BSF     ADCON0,2;GO/DONE -> 1
0013   191F           00034 ADC     BTFSC   ADCON0,2 ;0 = va saltar
MPASM 5.76              PRINCIPALPROGRAM.ASM   3-11-2021  17:26:46         PAGE  2


LOC  OBJECT CODE     LINE SOURCE TEXT
  VALUE

0014   2???           00035         GOTO    ADC
0015   081E           00036         MOVF    ADRESH,W
0016   0088           00037         MOVWF   PORTD
0017   2???           00038         GOTO    START
Warning[205]: Found directive in column 1. (include)
                      00039 include "Delay.inc"
Warning[205]: Found directive in column 1. (CBLOCK)
                      00001 CBLOCK 0x20
  00000020            00002  CUENTA
  00000021            00003  CUENTA_2
                      00004  
Warning[205]: Found directive in column 1. (ENDC)
                      00005 ENDC
                      00006  
0018                  00007 Retardo_400ms 
0018   2???           00008     CALL    Retardo_20ms
0019   2???           00009     CALL    Retardo_20ms
001A   2???           00010     CALL    Retardo_20ms
001B   2???           00011     CALL    Retardo_20ms
001C   2???           00012     CALL    Retardo_20ms
001D   2???           00013     CALL    Retardo_20ms
001E   2???           00014     CALL    Retardo_20ms
001F   2???           00015     CALL    Retardo_20ms
0020   2???           00016     CALL    Retardo_20ms
0021   2???           00017     CALL    Retardo_20ms 
0022   2???           00018     CALL    Retardo_20ms
0023   2???           00019     CALL    Retardo_20ms
0024   2???           00020     CALL    Retardo_20ms
0025   2???           00021     CALL    Retardo_20ms
0026   2???           00022     CALL    Retardo_20ms
0027   2???           00023     CALL    Retardo_20ms
0028   2???           00024     CALL    Retardo_20ms
0029   2???           00025     CALL    Retardo_20ms
002A   2???           00026     CALL    Retardo_20ms
002B   2???           00027     CALL    Retardo_20ms 
002C   0008           00028     Return
                      00029  
                      00030 ; 5ms 
002D                  00031 Retardo_20ms
002D   30C8           00032     MOVLW   D'200'; 1cy -> k
002E   2???           00033     GOTO    Retardos_ms ; 2cy 
                      00034  
                      00035 ; 5ms 
002F                  00036 Retardo_5ms
002F   3032           00037     MOVLW   D'50'; 1cy -> k
0030   2???           00038     GOTO    Retardos_ms ; 2cy
0031                  00039 Retardos_ms  
0031   00A1           00040     MOVWF   CUENTA_2; cy
0032                  00041 Retardo_Milis
0032   30B4           00042     MOVLW   D'180' ; kcy -> x
0033   00A0           00043     MOVWF   CUENTA ;kcy
0034                  00044 BUCLE_milis
0034   0000           00045     NOP
MPASM 5.76              PRINCIPALPROGRAM.ASM   3-11-2021  17:26:46         PAGE  3


LOC  OBJECT CODE     LINE SOURCE TEXT
  VALUE

0035   0BA0           00046     DECFSZ  CUENTA,F; kcy(x-1) + 2cy
0036   2???           00047     GOTO    BUCLE   ; 2kcy(x-1)
0037   0BA1           00048     DECFSZ  CUENTA_2,F ;cy(k-1) + 2cy 
0038   2???           00049     GOTO    Retardo_Milis ;2cy(k-1)
0039   0008           00050     RETURN  ;2cy   
                      00051 ; 1ms = 1000us
003A                  00052 Retardo_1ms
003A   0000           00053     NOP
003B   0000           00054     NOP
003C   0000           00055     NOP
003D   300A           00056     MOVLW   D'10'; 1cy -> k
003E   2???           00057     GOTO    Retardos ; 2cy
                      00058 
003F                  00059 Retardo_200us
003F   3003           00060     MOVLW   D'3'; 1cy -> k
0040   2???           00061     GOTO    Retardos ; 2cy    
                      00062    
0041                  00063 Retardo_300us
0041   3003           00064     MOVLW   D'3'; 1cy -> k
0042   2???           00065     GOTO    Retardos ; 2cy
                      00066     
                      00067 ;500us 
0043                  00068 Retardo_500us
0043   3005           00069     MOVLW   D'5'; 1cy -> k
0044                  00070 Retardos  
0044   00A1           00071     MOVWF   CUENTA_2; cy
0045                  00072 Retardo_Micros
0045   30A5           00073     MOVLW   D'165' ; kcy -> x
0046   00A0           00074     MOVWF   CUENTA ;kcy
0047                  00075 BUCLE
0047   0BA0           00076     DECFSZ  CUENTA,F; kcy(x-1) + 2cy
0048   2???           00077     GOTO    BUCLE   ; 2kcy(x-1)
0049   0BA1           00078     DECFSZ  CUENTA_2,F ;cy(k-1) + 2cy 
004A   2???           00079     GOTO    Retardo_Micros ;2cy(k-1)
004B   0008           00080     RETURN  ;2cy   
                      00081 
                      00082     
                      00083     
                      00084 ;100us
004C                  00085 Retardo_100us; 8CY + 3XCY
004C   30A4           00086     MOVLW   D'164'
004D   0000           00087     NOP
004E   2???           00088     GOTO    Retardo_micros
                      00089 
                      00090 ;50us
004F                  00091 Retardo_50us        ;7cy + 3xcy  
004F   3051           00092     MOVLW   D'81'
0050   2???           00093     GOTO    Retardo_micros
                      00094     
                      00095 ;20us 
0051                  00096 Retardo_20us;7CY + 3XCY     
0051   301F           00097     MOVLW   D'31'
0052   2???           00098     GOTO    Retardo_micros
MPASM 5.76              PRINCIPALPROGRAM.ASM   3-11-2021  17:26:46         PAGE  4


LOC  OBJECT CODE     LINE SOURCE TEXT
  VALUE

                      00099 
                      00100 ;10us 
0053                  00101 Retardo_10us;8CY + 3XCY
0053   300E           00102     MOVLW   D'14'
0054   0000           00103     NOP
0055   2???           00104     GOTO    Retardo_micros  
                      00105     
                      00106 ;5us    
0056                  00107 Retardo_5us;7CY + 3XCY
0056   3006           00108     MOVLW   D'6'
0057   2???           00109     GOTO    Retardo_micros
0058                  00110 Retardo_micros
0058   00A0           00111     MOVWF   CUENTA
0059                  00112 Bucle
0059   0BA0           00113     DECFSZ  CUENTA,F
005A   2???           00114     GOTO    Bucle
005B   0008           00115     RETURN 
                      00116     
                      00117 ;1us
005C                  00118 Retardo_1us
005C   0000           00119     NOP
005D   0008           00120     RETURN
3F32                  00040         END
MPASM 5.76              PRINCIPALPROGRAM.ASM   3-11-2021  17:26:46         PAGE  5


SYMBOL TABLE
  LABEL                             VALUE 

ACKDT                             00000005
ACKEN                             00000004
ACKSTAT                           00000006
ADC                               00000013
ADCON0                            0000001F
ADCON1                            0000009F
ADCS0                             00000006
ADCS1                             00000007
ADCS2                             00000006
ADDEN                             00000003
ADFM                              00000007
ADIE                              00000006
ADIF                              00000006
ADON                              00000000
ADRESH                            0000001E
ADRESL                            0000009E
BCLIE                             00000003
BCLIF                             00000003
BF                                00000000
BRGH                              00000002
BUCLE                             00000047
BUCLE_milis                       00000034
Bucle                             00000059
C                                 00000000
C1INV                             00000004
C1OUT                             00000006
C2INV                             00000005
C2OUT                             00000007
CCP1CON                           00000017
CCP1IE                            00000002
CCP1IF                            00000002
CCP1M0                            00000000
CCP1M1                            00000001
CCP1M2                            00000002
CCP1M3                            00000003
CCP1X                             00000005
CCP1Y                             00000004
CCP2CON                           0000001D
CCP2IE                            00000000
CCP2IF                            00000000
CCP2M0                            00000000
CCP2M1                            00000001
CCP2M2                            00000002
CCP2M3                            00000003
CCP2X                             00000005
CCP2Y                             00000004
CCPR1                             00000015
CCPR1H                            00000016
CCPR1L                            00000015
CCPR2                             0000001B
CCPR2H                            0000001C
CCPR2L                            0000001B
CHS0                              00000003
MPASM 5.76              PRINCIPALPROGRAM.ASM   3-11-2021  17:26:46         PAGE  6


SYMBOL TABLE
  LABEL                             VALUE 

CHS1                              00000004
CHS2                              00000005
CIS                               00000003
CKE                               00000006
CKP                               00000004
CM0                               00000000
CM1                               00000001
CM2                               00000002
CMCON                             0000009C
CMIE                              00000006
CMIF                              00000006
CREN                              00000004
CSRC                              00000007
CUENTA                            00000020
CUENTA_2                          00000021
CVR0                              00000000
CVR1                              00000001
CVR2                              00000002
CVR3                              00000003
CVRCON                            0000009D
CVREN                             00000007
CVROE                             00000006
CVRR                              00000005
D                                 00000005
DATA_ADDRESS                      00000005
DC                                00000001
D_A                               00000005
D_NOT_A                           00000005
EEADR                             0000010D
EEADRH                            0000010F
EECON1                            0000018C
EECON2                            0000018D
EEDATA                            0000010C
EEDATH                            0000010E
EEIE                              00000004
EEIF                              00000004
EEPGD                             00000007
F                                 00000001
FERR                              00000002
FSR                               00000004
GCEN                              00000007
GIE                               00000007
GO                                00000002
GO_DONE                           00000002
GO_NOT_DONE                       00000002
I2C_DATA                          00000005
I2C_READ                          00000002
I2C_START                         00000003
I2C_STOP                          00000004
IBF                               00000007
IBOV                              00000005
INDF                              00000000
INICIO                            00000001
MPASM 5.76              PRINCIPALPROGRAM.ASM   3-11-2021  17:26:46         PAGE  7


SYMBOL TABLE
  LABEL                             VALUE 

INTCON                            0000000B
INTE                              00000004
INTEDG                            00000006
INTF                              00000001
IRP                               00000007
NOT_A                             00000005
NOT_ADDRESS                       00000005
NOT_BO                            00000000
NOT_BOR                           00000000
NOT_DONE                          00000002
NOT_PD                            00000003
NOT_POR                           00000001
NOT_RBPU                          00000007
NOT_RC8                           00000006
NOT_T1SYNC                        00000002
NOT_TO                            00000004
NOT_TX8                           00000006
NOT_W                             00000002
NOT_WRITE                         00000002
OBF                               00000006
OERR                              00000001
OPTION_REG                        00000081
P                                 00000004
PCFG0                             00000000
PCFG1                             00000001
PCFG2                             00000002
PCFG3                             00000003
PCL                               00000002
PCLATH                            0000000A
PCON                              0000008E
PEIE                              00000006
PEN                               00000002
PIE1                              0000008C
PIE2                              0000008D
PIR1                              0000000C
PIR2                              0000000D
PORTA                             00000005
PORTB                             00000006
PORTC                             00000007
PORTD                             00000008
PORTE                             00000009
PR2                               00000092
PS0                               00000000
PS1                               00000001
PS2                               00000002
PSA                               00000003
PSPIE                             00000007
PSPIF                             00000007
PSPMODE                           00000004
R                                 00000002
RA0                               00000000
RA1                               00000001
RA2                               00000002
MPASM 5.76              PRINCIPALPROGRAM.ASM   3-11-2021  17:26:46         PAGE  8


SYMBOL TABLE
  LABEL                             VALUE 

RA3                               00000003
RA4                               00000004
RA5                               00000005
RB0                               00000000
RB1                               00000001
RB2                               00000002
RB3                               00000003
RB4                               00000004
RB5                               00000005
RB6                               00000006
RB7                               00000007
RBIE                              00000003
RBIF                              00000000
RC0                               00000000
RC1                               00000001
RC2                               00000002
RC3                               00000003
RC4                               00000004
RC5                               00000005
RC6                               00000006
RC7                               00000007
RC8_9                             00000006
RC9                               00000006
RCD8                              00000000
RCEN                              00000003
RCIE                              00000005
RCIF                              00000005
RCREG                             0000001A
RCSTA                             00000018
RD                                00000000
RD0                               00000000
RD1                               00000001
RD2                               00000002
RD3                               00000003
RD4                               00000004
RD5                               00000005
RD6                               00000006
RD7                               00000007
RE0                               00000000
RE1                               00000001
RE2                               00000002
READ_WRITE                        00000002
RP0                               00000005
RP1                               00000006
RSEN                              00000001
RX9                               00000006
RX9D                              00000000
R_NOT_W                           00000002
R_W                               00000002
Retardo_100us                     0000004C
Retardo_10us                      00000053
Retardo_1ms                       0000003A
Retardo_1us                       0000005C
MPASM 5.76              PRINCIPALPROGRAM.ASM   3-11-2021  17:26:46         PAGE  9


SYMBOL TABLE
  LABEL                             VALUE 

Retardo_200us                     0000003F
Retardo_20ms                      0000002D
Retardo_20us                      00000051
Retardo_300us                     00000041
Retardo_400ms                     00000018
Retardo_500us                     00000043
Retardo_50us                      0000004F
Retardo_5ms                       0000002F
Retardo_5us                       00000056
Retardo_Micros                    00000045
Retardo_Milis                     00000032
Retardo_micros                    00000058
Retardos                          00000044
Retardos_ms                       00000031
S                                 00000003
SEN                               00000000
SMP                               00000007
SPBRG                             00000099
SPEN                              00000007
SREN                              00000005
SSPADD                            00000093
SSPBUF                            00000013
SSPCON                            00000014
SSPCON2                           00000091
SSPEN                             00000005
SSPIE                             00000003
SSPIF                             00000003
SSPM0                             00000000
SSPM1                             00000001
SSPM2                             00000002
SSPM3                             00000003
SSPOV                             00000006
SSPSTAT                           00000094
START                             00000012
STATUS                            00000003
SYNC                              00000004
T0CS                              00000005
T0IE                              00000005
T0IF                              00000002
T0SE                              00000004
T1CKPS0                           00000004
T1CKPS1                           00000005
T1CON                             00000010
T1INSYNC                          00000002
T1OSCEN                           00000003
T1SYNC                            00000002
T2CKPS0                           00000000
T2CKPS1                           00000001
T2CON                             00000012
TMR0                              00000001
TMR0IE                            00000005
TMR0IF                            00000002
TMR1                              0000000E
MPASM 5.76              PRINCIPALPROGRAM.ASM   3-11-2021  17:26:46         PAGE 10


SYMBOL TABLE
  LABEL                             VALUE 

TMR1CS                            00000001
TMR1H                             0000000F
TMR1IE                            00000000
TMR1IF                            00000000
TMR1L                             0000000E
TMR1ON                            00000000
TMR2                              00000011
TMR2IE                            00000001
TMR2IF                            00000001
TMR2ON                            00000002
TOUTPS0                           00000003
TOUTPS1                           00000004
TOUTPS2                           00000005
TOUTPS3                           00000006
TRISA                             00000085
TRISA0                            00000000
TRISA1                            00000001
TRISA2                            00000002
TRISA3                            00000003
TRISA4                            00000004
TRISA5                            00000005
TRISB                             00000086
TRISB0                            00000000
TRISB1                            00000001
TRISB2                            00000002
TRISB3                            00000003
TRISB4                            00000004
TRISB5                            00000005
TRISB6                            00000006
TRISB7                            00000007
TRISC                             00000087
TRISC0                            00000000
TRISC1                            00000001
TRISC2                            00000002
TRISC3                            00000003
TRISC4                            00000004
TRISC5                            00000005
TRISC6                            00000006
TRISC7                            00000007
TRISD                             00000088
TRISD0                            00000000
TRISD1                            00000001
TRISD2                            00000002
TRISD3                            00000003
TRISD4                            00000004
TRISD5                            00000005
TRISD6                            00000006
TRISD7                            00000007
TRISE                             00000089
TRISE0                            00000000
TRISE1                            00000001
TRISE2                            00000002
TRMT                              00000001
MPASM 5.76              PRINCIPALPROGRAM.ASM   3-11-2021  17:26:46         PAGE 11


SYMBOL TABLE
  LABEL                             VALUE 

TX8_9                             00000006
TX9                               00000006
TX9D                              00000000
TXD8                              00000000
TXEN                              00000005
TXIE                              00000004
TXIF                              00000004
TXREG                             00000019
TXSTA                             00000098
UA                                00000001
W                                 00000000
WCOL                              00000007
WR                                00000001
WREN                              00000002
WRERR                             00000003
Z                                 00000002
_BODEN_OFF                        00003FBF
_BODEN_ON                         00003FFF
_BOREN_OFF                        00003FBF
_BOREN_ON                         00003FFF
_CONFIG                           00002007
_CPD_OFF                          00003FFF
_CPD_ON                           00003EFF
_CP_ALL                           00001FFF
_CP_OFF                           00003FFF
_CP_ON                            00001FFF
_DEBUG_OFF                        00003FFF
_DEBUG_ON                         000037FF
_DEVID1                           00002006
_FOSC_EXTRC                       00003FFF
_FOSC_HS                          00003FFE
_FOSC_LP                          00003FFC
_FOSC_XT                          00003FFD
_HS_OSC                           00003FFE
_IDLOC0                           00002000
_IDLOC1                           00002001
_IDLOC2                           00002002
_IDLOC3                           00002003
_LP_OSC                           00003FFC
_LVP_OFF                          00003F7F
_LVP_ON                           00003FFF
_PWRTE_OFF                        00003FFF
_PWRTE_ON                         00003FF7
_RC_OSC                           00003FFF
_WDTE_OFF                         00003FFB
_WDTE_ON                          00003FFF
_WDT_OFF                          00003FFB
_WDT_ON                           00003FFF
_WRT_1FOURTH                      00003BFF
_WRT_256                          00003DFF
_WRT_HALF                         000039FF
_WRT_OFF                          00003FFF
_XT_OSC                           00003FFD
MPASM 5.76              PRINCIPALPROGRAM.ASM   3-11-2021  17:26:46         PAGE 12


SYMBOL TABLE
  LABEL                             VALUE 

__16F877A                         00000001

Errors   :     0
Warnings :     3 reported,     0 suppressed
Messages :     9 reported,     0 suppressed

